<?xml version="1.0" encoding="UTF-8"?>
<!-- Generated by org.testng.reporters.JUnitReportReporter -->
<testsuite skipped="0" hostname="DESKTOP-EHC392M" name="testScript.Lambdatest" tests="1" failures="0" timestamp="2022-06-10T17:23:20 IST" time="4.644" errors="0">
  <testcase name="testScript" time="4.644" classname="testScript.Lambdatest"/>
  <system-out/>
</testsuite> <!-- testScript.Lambdatest -->
